[2026-05-28 00:38:23] Processed Command 'LIST_LOCATIONS'
[2026-05-28 00:38:23] Processed Command 'GET_ALL_CONFIGS'
[2026-05-28 00:38:23] Processed Command 'GET_ALL_CONFIGS'
[2026-05-28 00:49:09] Processed Command 'LIST_LOCATIONS'
[2026-05-28 00:49:10] Processed Command 'GET_ALL_CONFIGS'
[2026-05-28 00:49:10] Processed Command 'GET_ALL_CONFIGS'
[2026-05-28 00:49:33] Processed Command 'GET_ALL_CONFIGS'
[2026-05-28 00:50:13] Processed Command 'GET_ALL_CONFIGS'
[2026-05-28 00:50:20] Processed Command 'GET_ALL_CONFIGS'
[2026-05-28 00:50:24] Processed Command 'GET_ALL_CONFIGS'
[2026-05-28 00:50:28] Processed Command 'GET_ALL_CONFIGS'
[2026-05-28 01:06:07] Processed Command 'LIST_LOCATIONS'
[2026-05-28 01:06:08] Processed Command 'GET_ALL_CONFIGS'
[2026-05-28 01:06:08] Processed Command 'GET_ALL_CONFIGS'
[2026-05-28 01:08:30] Processed Command 'GET_ALL_CONFIGS'
[2026-05-28 01:15:45] Processed Command 'LIST_LOCATIONS'
[2026-05-28 01:15:46] Processed Command 'GET_ALL_CONFIGS'
[2026-05-28 01:15:46] Processed Command 'GET_ALL_CONFIGS'
[2026-05-28 01:18:58] Processed Command 'LIST_LOCATIONS'
[2026-05-28 01:18:58] Processed Command 'GET_ALL_CONFIGS'
[2026-05-28 01:18:58] Processed Command 'GET_ALL_CONFIGS'
[2026-05-28 01:19:41] Processed Command 'GET_ALL_CONFIGS'
[2026-05-28 01:20:16] Processed Command 'GET_ALL_CONFIGS'
[2026-05-28 01:20:21] Processed Command 'GET_ALL_CONFIGS'
[2026-05-28 01:20:31] Processed Command 'GET_ALL_CONFIGS'
[2026-05-28 01:20:34] Processed Command 'GET_ALL_CONFIGS'
[2026-05-28 01:20:46] Processed Command 'GET_ALL_CONFIGS'
[2026-05-28 01:20:49] Processed Command 'GET_ALL_CONFIGS'
[2026-05-28 01:59:11] Processed Command 'LIST_LOCATIONS'
[2026-05-28 01:59:12] Processed Command 'GET_ALL_CONFIGS'
[2026-05-28 01:59:12] Processed Command 'GET_ALL_CONFIGS'
[2026-05-28 01:59:40] Processed Command 'GET_ALL_CONFIGS'
[2026-05-28 02:07:09] Processed Command 'LIST_LOCATIONS'
[2026-05-28 02:07:10] Processed Command 'GET_ALL_CONFIGS'
[2026-05-28 02:07:10] Processed Command 'GET_ALL_CONFIGS'
[2026-05-28 02:07:16] Processed Command 'GET_ALL_CONFIGS'
[2026-05-28 02:07:25] Processed Command 'GET_ALL_CONFIGS'
[2026-05-28 02:07:28] Processed Command 'GET_ALL_CONFIGS'
[2026-05-28 02:12:13] Processed Command 'LIST_LOCATIONS'
[2026-05-28 02:12:13] Processed Command 'GET_ALL_CONFIGS'
[2026-05-28 02:12:13] Processed Command 'GET_ALL_CONFIGS'
[2026-05-28 02:12:16] Processed Command 'GET_ALL_CONFIGS'
[2026-05-28 02:12:19] Processed Command 'GET_ALL_CONFIGS'
[2026-05-28 13:47:52] Processed Command 'LIST_LOCATIONS'
[2026-05-28 13:47:52] Processed Command 'REGISTER'
[2026-05-28 13:47:52] Processed Command 'LOGIN'
[2026-05-28 13:49:03] Processed Command 'LIST_LOCATIONS'
[2026-05-28 13:49:03] Processed Command 'REGISTER'
[2026-05-28 13:49:03] Processed Command 'LOGIN'
[2026-05-28 13:49:04] Processed Command 'LIST_LOCATIONS'
[2026-05-28 13:51:24] Processed Command 'LIST_LOCATIONS'
[2026-05-28 13:51:24] Processed Command 'REGISTER'
[2026-05-28 13:51:24] Processed Command 'LOGIN'
[2026-05-28 13:51:24] Processed Command 'LIST_LOCATIONS'
[2026-05-28 13:51:24] Processed Command 'LIST_LOCATIONS'
[2026-05-28 13:51:24] User '' → Rejected: Timestamp outside allowed window.
[2026-05-28 13:51:25] Processed Command 'GET_CONFIG'
[2026-05-28 14:09:42] Processed Command 'LIST_LOCATIONS'
[2026-05-28 14:09:42] Processed Command 'GET_ALL_CONFIGS'
[2026-05-28 14:09:42] Processed Command 'GET_ALL_CONFIGS'
[2026-05-28 14:10:00] Processed Command 'REGISTER'
[2026-05-28 14:21:49] Processed Command 'LIST_LOCATIONS'
[2026-05-28 14:21:49] Processed Command 'GET_ALL_CONFIGS'
[2026-05-28 14:21:49] Processed Command 'GET_ALL_CONFIGS'
[2026-05-28 14:22:05] Processed Command 'LOGIN'
[2026-05-28 14:22:14] Processed Command 'GET_ALL_CONFIGS'
[2026-05-28 14:22:18] Processed Command 'GET_ALL_CONFIGS'
[2026-05-28 14:22:45] Processed Command 'LIST_SERVERS'
[2026-05-28 19:39:26] Processed Command 'LIST_LOCATIONS'
[2026-05-28 19:39:26] Processed Command 'GET_ALL_CONFIGS'
[2026-05-28 19:39:26] Processed Command 'GET_ALL_CONFIGS'
[2026-05-28 19:39:36] Processed Command 'LOGIN'
[2026-05-28 19:39:44] Processed Command 'GET_ALL_CONFIGS'
[2026-05-28 19:39:46] Processed Command 'GET_ALL_CONFIGS'
[2026-05-28 19:39:56] Processed Command 'GET_CONFIG'
[2026-05-28 19:41:20] Processed Command 'GET_CONFIG'
[2026-05-28 20:03:30] Processed Command 'LIST_LOCATIONS'
[2026-05-28 20:03:30] Processed Command 'REGISTER'
[2026-05-28 20:03:30] Processed Command 'LOGIN'
[2026-05-28 20:03:31] Processed Command 'LIST_LOCATIONS'
[2026-05-28 20:03:31] Processed Command 'LIST_LOCATIONS'
[2026-05-28 20:03:31] User '' → Rejected: Timestamp outside allowed window.
[2026-05-28 20:03:31] Processed Command 'GET_CONFIG'
[2026-05-28 20:03:31] Processed Command 'LOGIN'
[2026-05-28 20:03:31] Processed Command 'LOGIN'
[2026-05-28 20:03:31] Processed Command 'INVALID_COMMAND_NAME'
[2026-05-28 20:03:31] Processed Command 'LIST_SERVERS'
[2026-05-28 20:03:31] Processed Command 'LOGIN'
[2026-05-28 20:03:31] Processed Command 'LOGIN'
[2026-05-28 20:03:31] Processed Command 'LOGIN'
[2026-05-28 20:03:31] Processed Command 'LOGIN'
[2026-05-28 20:03:31] Processed Command 'LOGIN'
[2026-05-28 20:03:31] Processed Command 'LIST_LOCATIONS'
[2026-05-28 20:03:31] Processed Command 'LIST_LOCATIONS'
